1504852689117	geckodriver	INFO	geckodriver 0.18.0
1504852689120	geckodriver	INFO	Listening on 127.0.0.1:51584
1504852690250	geckodriver::marionette	INFO	Starting browser /usr/bin/firefox with args ["-marionette"]
1504852691028	Marionette	INFO	Enabled via --marionette

(firefox:16445): GLib-GObject-CRITICAL **: g_object_ref: assertion 'object->ref_count > 0' failed

(firefox:16445): GLib-GObject-CRITICAL **: g_object_unref: assertion 'object->ref_count > 0' failed

(firefox:16445): GLib-GObject-CRITICAL **: g_object_ref: assertion 'object->ref_count > 0' failed

(firefox:16445): GLib-GObject-CRITICAL **: g_object_unref: assertion 'object->ref_count > 0' failed

(/usr/lib/firefox/firefox:16502): GLib-GObject-CRITICAL **: g_object_ref: assertion 'object->ref_count > 0' failed

(/usr/lib/firefox/firefox:16502): GLib-GObject-CRITICAL **: g_object_unref: assertion 'object->ref_count > 0' failed

(/usr/lib/firefox/firefox:16502): GLib-GObject-CRITICAL **: g_object_ref: assertion 'object->ref_count > 0' failed

(/usr/lib/firefox/firefox:16502): GLib-GObject-CRITICAL **: g_object_unref: assertion 'object->ref_count > 0' failed
1504852694043	Marionette	INFO	Listening on port 45581
1504852694073	Marionette	WARN	TLS certificate errors will be ignored for this session
JavaScript error: chrome://marionette/content/server.js, line 337: NS_ERROR_SOCKET_ADDRESS_IN_USE: Component returned failure code: 0x804b0036 (NS_ERROR_SOCKET_ADDRESS_IN_USE) [nsIServerSocket.initSpecialConnection]
1504852694106	Marionette	DEBUG	loaded listener.js
1504852694128	Marionette	DEBUG	Received DOM event "beforeunload" for "about:blank"
1504852733772	Marionette	DEBUG	Received DOM event "beforeunload" for "about:blank"
1504852733819	Marionette	DEBUG	Received DOM event "pagehide" for "about:blank"
1504852733819	Marionette	DEBUG	Received DOM event "unload" for "about:blank"
1504852733821	Marionette	DEBUG	Received observer notification "outer-window-destroyed" for "2147483649"

###!!! [Child][MessageChannel] Error: (msgtype=0x4400C6,name=PContent::Msg_GraphicsError) Channel error: cannot send/recv

[GFX1-]: Receive IPC close with reason=AbnormalShutdown
